十月 31, 2019 4:09:05 下午 nahon.comm.faultsystem.LogCenter PrintLog
信息: 找到设备
十月 31, 2019 4:09:15 下午 forge.form.debug.DebugPane SET1ActionPerformed
严重: null
java.lang.NumberFormatException: empty String
	at sun.misc.FloatingDecimal.readJavaFormatString(FloatingDecimal.java:1842)
	at sun.misc.FloatingDecimal.parseFloat(FloatingDecimal.java:122)
	at java.lang.Float.parseFloat(Float.java:451)
	at java.lang.Float.valueOf(Float.java:416)
	at forge.form.debug.MemoryConvert.ConvertMemToByte(MemoryConvert.java:38)
	at forge.form.debug.DebugPane.SET1ActionPerformed(DebugPane.java:179)
	at forge.form.debug.DebugPane.access$000(DebugPane.java:23)
	at forge.form.debug.DebugPane$1.actionPerformed(DebugPane.java:92)
	at javax.swing.AbstractButton.fireActionPerformed(AbstractButton.java:2022)
	at javax.swing.AbstractButton$Handler.actionPerformed(AbstractButton.java:2348)
	at javax.swing.DefaultButtonModel.fireActionPerformed(DefaultButtonModel.java:402)
	at javax.swing.DefaultButtonModel.setPressed(DefaultButtonModel.java:259)
	at javax.swing.plaf.basic.BasicButtonListener.mouseReleased(BasicButtonListener.java:252)
	at java.awt.Component.processMouseEvent(Component.java:6533)
	at javax.swing.JComponent.processMouseEvent(JComponent.java:3324)
	at java.awt.Component.processEvent(Component.java:6298)
	at java.awt.Container.processEvent(Container.java:2237)
	at java.awt.Component.dispatchEventImpl(Component.java:4889)
	at java.awt.Container.dispatchEventImpl(Container.java:2295)
	at java.awt.Component.dispatchEvent(Component.java:4711)
	at java.awt.LightweightDispatcher.retargetMouseEvent(Container.java:4889)
	at java.awt.LightweightDispatcher.processMouseEvent(Container.java:4526)
	at java.awt.LightweightDispatcher.dispatchEvent(Container.java:4467)
	at java.awt.Container.dispatchEventImpl(Container.java:2281)
	at java.awt.Window.dispatchEventImpl(Window.java:2746)
	at java.awt.Component.dispatchEvent(Component.java:4711)
	at java.awt.EventQueue.dispatchEventImpl(EventQueue.java:758)
	at java.awt.EventQueue.access$500(EventQueue.java:97)
	at java.awt.EventQueue$3.run(EventQueue.java:709)
	at java.awt.EventQueue$3.run(EventQueue.java:703)
	at java.security.AccessController.doPrivileged(Native Method)
	at java.security.ProtectionDomain$JavaSecurityAccessImpl.doIntersectionPrivilege(ProtectionDomain.java:80)
	at java.security.ProtectionDomain$JavaSecurityAccessImpl.doIntersectionPrivilege(ProtectionDomain.java:90)
	at java.awt.EventQueue$4.run(EventQueue.java:731)
	at java.awt.EventQueue$4.run(EventQueue.java:729)
	at java.security.AccessController.doPrivileged(Native Method)
	at java.security.ProtectionDomain$JavaSecurityAccessImpl.doIntersectionPrivilege(ProtectionDomain.java:80)
	at java.awt.EventQueue.dispatchEvent(EventQueue.java:728)
	at java.awt.EventDispatchThread.pumpOneEventForFilters(EventDispatchThread.java:201)
	at java.awt.EventDispatchThread.pumpEventsForFilter(EventDispatchThread.java:116)
	at java.awt.EventDispatchThread.pumpEventsForHierarchy(EventDispatchThread.java:105)
	at java.awt.EventDispatchThread.pumpEvents(EventDispatchThread.java:101)
	at java.awt.EventDispatchThread.pumpEvents(EventDispatchThread.java:93)
	at java.awt.EventDispatchThread.run(EventDispatchThread.java:82)

十月 31, 2019 4:09:18 下午 nahon.comm.faultsystem.LogCenter PrintLog
信息: Send:55 AA 7B 7B 00 FE 51 00 00 00 8D 00 00 00 04 43 48 00 00 1C 55 AA 7D 7D 
十月 31, 2019 4:09:18 下午 nahon.comm.faultsystem.LogCenter PrintLog
信息: Rec:55 AA 7B 7B FE 00 D1 66 66 55 AA 7D 7D 
十月 31, 2019 4:09:18 下午 nahon.comm.faultsystem.LogCenter PrintLog
信息: 设置内存NVPA成功
十月 31, 2019 4:09:47 下午 nahon.comm.faultsystem.LogCenter PrintLog
信息: Send:55 AA 7B 7B 00 FE 40 00 00 00 06 00 00 00 04 0A 55 AA 7D 7D 
十月 31, 2019 4:09:47 下午 nahon.comm.faultsystem.LogCenter PrintLog
信息: Rec:55 AA 7B 7B FE 00 C0 00 00 00 06 42 C8 00 00 10 55 AA 7D 7D 
十月 31, 2019 4:11:12 下午 nahon.comm.faultsystem.LogCenter PrintLog
信息: Send:55 AA 7B 7B 00 FE 51 00 00 00 8D 00 00 00 04 43 48 00 00 1C 55 AA 7D 7D 
十月 31, 2019 4:11:12 下午 nahon.comm.faultsystem.LogCenter PrintLog
信息: Rec:55 AA 7B 7B FE 00 D1 66 66 55 AA 7D 7D 
十月 31, 2019 4:11:12 下午 nahon.comm.faultsystem.LogCenter PrintLog
信息: 设置内存NVPA成功
